<?xml version="1.0" encoding="UTF-8"?>
<testsuite xmlns:xsi="http://www.w3.org/2001/XMLSchema-instance" xsi:noNamespaceSchemaLocation="https://maven.apache.org/surefire/maven-surefire-plugin/xsd/surefire-test-report.xsd" name="Cooper.privateInnerClass.TestClass" time="0.006" tests="1" errors="0" skipped="0" failures="0">
  <properties>
    <property name="sun.desktop" value="windows"/>
    <property name="awt.toolkit" value="sun.awt.windows.WToolkit"/>
    <property name="file.encoding.pkg" value="sun.io"/>
    <property name="java.specification.version" value="1.8"/>
    <property name="sun.cpu.isalist" value="amd64"/>
    <property name="sun.jnu.encoding" value="GBK"/>
    <property name="java.class.path" value="D:\工作常用知识区\interviewTestAndDataStructure\fundamental_plus_dataStructure\target\test-classes;D:\工作常用知识区\interviewTestAndDataStructure\fundamental_plus_dataStructure\target\classes;D:\local_repository\org\projectlombok\lombok\1.16.18\lombok-1.16.18.jar;D:\local_repository\org\jmockit\jmockit\1.22\jmockit-1.22.jar;D:\local_repository\junit\junit\4.12\junit-4.12.jar;D:\local_repository\org\hamcrest\hamcrest-core\1.3\hamcrest-core-1.3.jar;D:\local_repository\org\junit\jupiter\junit-jupiter-api\5.3.0-M1\junit-jupiter-api-5.3.0-M1.jar;D:\local_repository\org\apiguardian\apiguardian-api\1.0.0\apiguardian-api-1.0.0.jar;D:\local_repository\org\opentest4j\opentest4j\1.1.0\opentest4j-1.1.0.jar;D:\local_repository\org\junit\platform\junit-platform-commons\1.3.0-M1\junit-platform-commons-1.3.0-M1.jar;D:\local_repository\commons-io\commons-io\2.2\commons-io-2.2.jar;D:\local_repository\org\apache\commons\commons-lang3\3.4\commons-lang3-3.4.jar;D:\local_repository\org\springframework\spring-beans\4.3.18.RELEASE\spring-beans-4.3.18.RELEASE.jar;D:\local_repository\org\springframework\spring-core\4.3.18.RELEASE\spring-core-4.3.18.RELEASE.jar;D:\local_repository\commons-logging\commons-logging\1.2\commons-logging-1.2.jar;D:\local_repository\commons-beanutils\commons-beanutils\1.9.3\commons-beanutils-1.9.3.jar;D:\local_repository\commons-collections\commons-collections\3.2.2\commons-collections-3.2.2.jar;"/>
    <property name="java.vm.vendor" value="Oracle Corporation"/>
    <property name="sun.arch.data.model" value="64"/>
    <property name="user.variant" value=""/>
    <property name="java.vendor.url" value="http://java.oracle.com/"/>
    <property name="user.timezone" value="Asia/Shanghai"/>
    <property name="java.vm.specification.version" value="1.8"/>
    <property name="os.name" value="Windows 8.1"/>
    <property name="user.country" value="CN"/>
    <property name="sun.java.launcher" value="SUN_STANDARD"/>
    <property name="sun.boot.library.path" value="D:\jdk1.8.0_45\jre\bin"/>
    <property name="sun.java.command" value="C:\Users\lenooc\AppData\Local\Temp\surefire4418682128797189232\surefirebooter752501168739649112.jar C:\Users\lenooc\AppData\Local\Temp\surefire4418682128797189232 2018-08-12T22-57-25_801-jvmRun1 surefire8482087532078080691tmp surefire_06395361504826219088tmp"/>
    <property name="surefire.test.class.path" value="D:\工作常用知识区\interviewTestAndDataStructure\fundamental_plus_dataStructure\target\test-classes;D:\工作常用知识区\interviewTestAndDataStructure\fundamental_plus_dataStructure\target\classes;D:\local_repository\org\projectlombok\lombok\1.16.18\lombok-1.16.18.jar;D:\local_repository\org\jmockit\jmockit\1.22\jmockit-1.22.jar;D:\local_repository\junit\junit\4.12\junit-4.12.jar;D:\local_repository\org\hamcrest\hamcrest-core\1.3\hamcrest-core-1.3.jar;D:\local_repository\org\junit\jupiter\junit-jupiter-api\5.3.0-M1\junit-jupiter-api-5.3.0-M1.jar;D:\local_repository\org\apiguardian\apiguardian-api\1.0.0\apiguardian-api-1.0.0.jar;D:\local_repository\org\opentest4j\opentest4j\1.1.0\opentest4j-1.1.0.jar;D:\local_repository\org\junit\platform\junit-platform-commons\1.3.0-M1\junit-platform-commons-1.3.0-M1.jar;D:\local_repository\commons-io\commons-io\2.2\commons-io-2.2.jar;D:\local_repository\org\apache\commons\commons-lang3\3.4\commons-lang3-3.4.jar;D:\local_repository\org\springframework\spring-beans\4.3.18.RELEASE\spring-beans-4.3.18.RELEASE.jar;D:\local_repository\org\springframework\spring-core\4.3.18.RELEASE\spring-core-4.3.18.RELEASE.jar;D:\local_repository\commons-logging\commons-logging\1.2\commons-logging-1.2.jar;D:\local_repository\commons-beanutils\commons-beanutils\1.9.3\commons-beanutils-1.9.3.jar;D:\local_repository\commons-collections\commons-collections\3.2.2\commons-collections-3.2.2.jar;"/>
    <property name="sun.cpu.endian" value="little"/>
    <property name="user.home" value="C:\Users\lenooc"/>
    <property name="user.language" value="zh"/>
    <property name="java.specification.vendor" value="Oracle Corporation"/>
    <property name="java.home" value="D:\jdk1.8.0_45\jre"/>
    <property name="basedir" value="D:\工作常用知识区\interviewTestAndDataStructure\fundamental_plus_dataStructure"/>
    <property name="file.separator" value="\"/>
    <property name="line.separator" value="&#10;"/>
    <property name="java.vm.specification.vendor" value="Oracle Corporation"/>
    <property name="java.specification.name" value="Java Platform API Specification"/>
    <property name="java.awt.graphicsenv" value="sun.awt.Win32GraphicsEnvironment"/>
    <property name="surefire.real.class.path" value="C:\Users\lenooc\AppData\Local\Temp\surefire4418682128797189232\surefirebooter752501168739649112.jar"/>
    <property name="sun.boot.class.path" value="D:\jdk1.8.0_45\jre\lib\resources.jar;D:\jdk1.8.0_45\jre\lib\rt.jar;D:\jdk1.8.0_45\jre\lib\sunrsasign.jar;D:\jdk1.8.0_45\jre\lib\jsse.jar;D:\jdk1.8.0_45\jre\lib\jce.jar;D:\jdk1.8.0_45\jre\lib\charsets.jar;D:\jdk1.8.0_45\jre\lib\jfr.jar;D:\jdk1.8.0_45\jre\classes"/>
    <property name="user.script" value=""/>
    <property name="sun.management.compiler" value="HotSpot 64-Bit Tiered Compilers"/>
    <property name="java.runtime.version" value="1.8.0_45-b15"/>
    <property name="user.name" value="lenooc"/>
    <property name="path.separator" value=";"/>
    <property name="os.version" value="6.3"/>
    <property name="java.endorsed.dirs" value="D:\jdk1.8.0_45\jre\lib\endorsed"/>
    <property name="java.runtime.name" value="Java(TM) SE Runtime Environment"/>
    <property name="file.encoding" value="GBK"/>
    <property name="java.vm.name" value="Java HotSpot(TM) 64-Bit Server VM"/>
    <property name="localRepository" value="D:\local_repository"/>
    <property name="java.vendor.url.bug" value="http://bugreport.sun.com/bugreport/"/>
    <property name="java.io.tmpdir" value="C:\Users\lenooc\AppData\Local\Temp\"/>
    <property name="idea.version" value="2017.3.2"/>
    <property name="java.version" value="1.8.0_45"/>
    <property name="user.dir" value="D:\工作常用知识区\interviewTestAndDataStructure\fundamental_plus_dataStructure"/>
    <property name="os.arch" value="amd64"/>
    <property name="java.vm.specification.name" value="Java Virtual Machine Specification"/>
    <property name="java.awt.printerjob" value="sun.awt.windows.WPrinterJob"/>
    <property name="sun.os.patch.level" value=""/>
    <property name="java.library.path" value="D:\jdk1.8.0_45\jre\bin;C:\Windows\Sun\Java\bin;C:\Windows\system32;C:\Windows;D:\maven\apache-maven-3.3.9\bin;D:\jdk1.8.0_45\bin;C:\Program Files (x86)\Intel\iCLS Client\;C:\Program Files\Intel\iCLS Client\;C:\Windows\system32;C:\Windows;C:\Windows\System32\Wbem;C:\Windows\System32\WindowsPowerShell\v1.0\;C:\Program Files (x86)\Intel\Intel(R) Management Engine Components\DAL;C:\Program Files\Intel\Intel(R) Management Engine Components\DAL;C:\Program Files (x86)\Intel\Intel(R) Management Engine Components\IPT;C:\Program Files\Intel\Intel(R) Management Engine Components\IPT;D:\git\Git\cmd;C:\Users\lenooc\AppData\Local\Microsoft\WindowsApps;C:\Program Files\Bandizip\;."/>
    <property name="java.vm.info" value="mixed mode"/>
    <property name="java.vendor" value="Oracle Corporation"/>
    <property name="java.vm.version" value="25.45-b02"/>
    <property name="java.ext.dirs" value="D:\jdk1.8.0_45\jre\lib\ext;C:\Windows\Sun\Java\lib\ext"/>
    <property name="sun.io.unicode.encoding" value="UnicodeLittle"/>
    <property name="maven.repo.local" value="D:\local_repository"/>
    <property name="java.class.version" value="52.0"/>
  </properties>
  <testcase name="readField" classname="Cooper.privateInnerClass.TestClass" time="0.006"/>
</testsuite>